<?xml version="1.0" encoding="UTF-8"?>
<!-- Generated by org.testng.reporters.JUnitReportReporter -->
<testsuite hostname="DESKTOP-LDFQQJG" failures="0" tests="1" name="com.TimeKeeping.actiTime.Selenium.TaskTest.ToAddNewCustomerTest2" time="70.136" errors="0" timestamp="2022-09-13T23:33:18 IST" skipped="0">
  <testcase classname="com.TimeKeeping.actiTime.Selenium.TaskTest.ToAddNewCustomerTest2" name="addCustomerInTaskTest" time="70.136"/>
  <system-out/>
</testsuite> <!-- com.TimeKeeping.actiTime.Selenium.TaskTest.ToAddNewCustomerTest2 -->
