<?xml version="1.0" encoding="UTF-8"?>
<!-- Generated by org.testng.reporters.JUnitReportReporter -->
<testsuite hostname="DESKTOP-LDFQQJG" failures="0" tests="3" name="com.TimeKeeping.actiTime.Selenium.basicTestCase.ToPerformGroupExecution" time="0.039" errors="0" timestamp="02 Sep 2022 05:23:33 GMT" skipped="0">
  <testcase classname="com.TimeKeeping.actiTime.Selenium.basicTestCase.ToPerformGroupExecution" name="addToKart" time="0.016"/>
  <testcase classname="com.TimeKeeping.actiTime.Selenium.basicTestCase.ToPerformGroupExecution" name="payment" time="0.010"/>
  <testcase classname="com.TimeKeeping.actiTime.Selenium.basicTestCase.ToPerformGroupExecution" name="select" time="0.013"/>
</testsuite> <!-- com.TimeKeeping.actiTime.Selenium.basicTestCase.ToPerformGroupExecution -->
