<?xml version="1.0" encoding="UTF-8"?>
<!-- Generated by org.testng.reporters.JUnitReportReporter -->
<testsuite hostname="DESKTOP-LDFQQJG" failures="0" tests="1" name="com.TimeKeeping.actiTime.Selenium.basicTestCase.classC" time="11.134" errors="0" timestamp="02 Sep 2022 05:08:11 GMT" skipped="0">
  <testcase classname="com.TimeKeeping.actiTime.Selenium.basicTestCase.classC" name="demo" time="11.134"/>
</testsuite> <!-- com.TimeKeeping.actiTime.Selenium.basicTestCase.classC -->
