<?xml version="1.0" encoding="UTF-8"?>
<!-- Generated by org.testng.reporters.JUnitReportReporter -->
<testsuite hostname="DESKTOP-LDFQQJG" failures="0" tests="1" name="com.TimeKeeping.actiTime.Selenium.basicTestCase.classD" time="17.259" errors="0" timestamp="02 Sep 2022 05:08:11 GMT" skipped="0">
  <testcase classname="com.TimeKeeping.actiTime.Selenium.basicTestCase.classD" name="demo" time="17.259"/>
</testsuite> <!-- com.TimeKeeping.actiTime.Selenium.basicTestCase.classD -->
