<?xml version="1.0" encoding="UTF-8"?>
<!-- Generated by org.testng.reporters.JUnitReportReporter -->
<testsuite hostname="DESKTOP-LDFQQJG" failures="0" tests="2" name="com.TimeKeeping.actiTime.Selenium.basicTestCase.ToPerformCrossBrowserTesting" time="30.278" errors="0" timestamp="05 Sep 2022 10:05:52 GMT" skipped="0">
  <testcase classname="com.TimeKeeping.actiTime.Selenium.basicTestCase.ToPerformCrossBrowserTesting" name="demo" time="10.503"/>
  <testcase classname="com.TimeKeeping.actiTime.Selenium.basicTestCase.ToPerformCrossBrowserTesting" name="demo" time="19.775"/>
</testsuite> <!-- com.TimeKeeping.actiTime.Selenium.basicTestCase.ToPerformCrossBrowserTesting -->
