<?xml version="1.0" encoding="UTF-8"?>
<!-- Generated by org.testng.reporters.JUnitReportReporter -->
<testsuite hostname="DESKTOP-LDFQQJG" failures="0" tests="1" name="com.TimeKeeping.actiTime.Selenium.TaskTest.ToAddNewCustomerTest" time="35.122" errors="0" timestamp="2022-09-08T19:09:22 IST" skipped="0">
  <testcase classname="com.TimeKeeping.actiTime.Selenium.TaskTest.ToAddNewCustomerTest" name="addCustomerInTaskTest" time="35.122"/>
  <system-out/>
</testsuite> <!-- com.TimeKeeping.actiTime.Selenium.TaskTest.ToAddNewCustomerTest -->
