<?xml version="1.0" encoding="UTF-8"?>
<!-- Generated by org.testng.reporters.JUnitReportReporter -->
<testsuite hostname="DESKTOP-LDFQQJG" failures="0" tests="1" name="com.TimeKeeping.actiTime.Selenium.TaskTest.ToAddNewCustomerTest2" time="14.299" errors="0" timestamp="2022-09-14T00:33:40 IST" skipped="0">
  <testcase classname="com.TimeKeeping.actiTime.Selenium.TaskTest.ToAddNewCustomerTest2" name="addCustomerInTaskTest" time="14.299"/>
  <system-out/>
</testsuite> <!-- com.TimeKeeping.actiTime.Selenium.TaskTest.ToAddNewCustomerTest2 -->
