<?xml version="1.0" encoding="UTF-8"?>
<!-- Generated by org.testng.reporters.JUnitReportReporter -->
<testsuite hostname="DESKTOP-LDFQQJG" failures="0" tests="2" name="com.TimeKeeping.actiTime.Selenium.basicTestCase.ClassE" time="0.017" errors="0" timestamp="2022-09-07T19:04:51 IST" skipped="0">
  <testcase classname="com.TimeKeeping.actiTime.Selenium.basicTestCase.ClassE" name="demo1" time="0.008"/>
  <system-out/>
  <testcase classname="com.TimeKeeping.actiTime.Selenium.basicTestCase.ClassE" name="demo" time="0.009"/>
  <system-out/>
</testsuite> <!-- com.TimeKeeping.actiTime.Selenium.basicTestCase.ClassE -->
