<?xml version="1.0" encoding="UTF-8"?>
<!-- Generated by org.testng.reporters.JUnitReportReporter -->
<testsuite hostname="DESKTOP-LDFQQJG" failures="0" tests="3" name="com.TimeKeeping.actiTime.Selenium.basicTestCase.classB" time="0.007" errors="0" timestamp="02 Sep 2022 05:08:11 GMT" skipped="0">
  <testcase classname="com.TimeKeeping.actiTime.Selenium.basicTestCase.classB" name="demo6" time="0.004"/>
  <testcase classname="com.TimeKeeping.actiTime.Selenium.basicTestCase.classB" name="demo5" time="0.001"/>
  <testcase classname="com.TimeKeeping.actiTime.Selenium.basicTestCase.classB" name="demo7" time="0.002"/>
</testsuite> <!-- com.TimeKeeping.actiTime.Selenium.basicTestCase.classB -->
